0 info it worked if it ends with ok
1 verbose cli [ 'C:\\Program Files\\nodejs\\node.exe',
1 verbose cli   'C:\\Program Files\\nodejs\\node_modules\\npm\\bin\\npm-cli.js',
1 verbose cli   'start' ]
2 info using npm@1.1.69
3 info using node@v0.8.16
4 verbose read json C:\GIT\nodejs-express-mongoose-demo\package.json
5 verbose run-script [ 'prestart', 'start', 'poststart' ]
6 info prestart noobjs@3.0.0
7 info start noobjs@3.0.0
8 verbose unsafe-perm in lifecycle true
9 silly exec cmd "/c" "./node_modules/.bin/nodemon server.js"
10 silly cmd,/c,./node_modules/.bin/nodemon server.js,C:\GIT\nodejs-express-mongoose-demo spawning
11 info noobjs@3.0.0 Failed to exec start script
12 error noobjs@3.0.0 start: `./node_modules/.bin/nodemon server.js`
12 error `cmd "/c" "./node_modules/.bin/nodemon server.js"` failed with 1
13 error Failed at the noobjs@3.0.0 start script.
13 error This is most likely a problem with the noobjs package,
13 error not with npm itself.
13 error Tell the author that this fails on your system:
13 error     ./node_modules/.bin/nodemon server.js
13 error You can get their info via:
13 error     npm owner ls noobjs
13 error There is likely additional logging output above.
14 error System Windows_NT 6.1.7601
15 error command "C:\\Program Files\\nodejs\\node.exe" "C:\\Program Files\\nodejs\\node_modules\\npm\\bin\\npm-cli.js" "start"
16 error cwd C:\GIT\nodejs-express-mongoose-demo
17 error node -v v0.8.16
18 error npm -v 1.1.69
19 error code ELIFECYCLE
20 verbose exit [ 1, true ]
